<?xml version="1.0" encoding="UTF-8"?>
<!-- Generated by org.testng.reporters.JUnitReportReporter -->
<testsuite hostname="M270967DZG3QD" name="com.qa.tests.GetAPITest" tests="2" failures="0" timestamp="12 Dec 2017 18:01:39 GMT" time="50.036" errors="0">
  <testcase name="getTestWithOutHeaders" time="31.275" classname="com.qa.tests.GetAPITest"/>
  <testcase name="getTestWithHeader" time="18.761" classname="com.qa.tests.GetAPITest"/>
</testsuite> <!-- com.qa.tests.GetAPITest -->
